<?xml version="1.0" encoding="UTF-8"?>
<!-- Generated by org.testng.reporters.JUnitXMLReporter -->
<testsuite ignored="2" hostname="SRINIVAS-G2005" failures="0" tests="1" name="Default test" time="78.214" errors="0" timestamp="2025-02-27T09:35:38 IST">
  <testcase classname="DemoQA.RadioBtnDemoQa" name="clickNoBtn" time="0.119"/>
  <testcase classname="DemoQA.RadioBtnDemoQa" name="clickYesBtn" time="0.0">
    <ignored/>
  </testcase> <!-- clickYesBtn -->
  <testcase classname="DemoQA.RadioBtnDemoQa" name="clickImpressiveBtn" time="0.0">
    <ignored/>
  </testcase> <!-- clickImpressiveBtn -->
</testsuite> <!-- Default test -->
