<?xml version="1.0" encoding="UTF-8"?>
<testng-results ignored="0" total="1" passed="1" failed="0" skipped="0">
  <reporter-output>
  </reporter-output>
  <suite started-at="2025-03-30T19:54:19 IST" name="Default suite" finished-at="2025-03-30T19:54:28 IST" duration-ms="9417">
    <groups>
    </groups>
    <test started-at="2025-03-30T19:54:19 IST" name="Default test" finished-at="2025-03-30T19:54:28 IST" duration-ms="9417">
      <class name="webDriverUniversity.HandlingRadioButtons">
        <test-method is-config="true" signature="setUp()[pri:0, instance:webDriverUniversity.HandlingRadioButtons@3754a4bf]" started-at="2025-03-30T19:54:19 IST" name="setUp" finished-at="2025-03-30T19:54:27 IST" duration-ms="7953" status="PASS">
          <reporter-output>
          </reporter-output>
        </test-method> <!-- setUp -->
        <test-method signature="radioButtons()[pri:0, instance:webDriverUniversity.HandlingRadioButtons@3754a4bf]" started-at="2025-03-30T19:54:27 IST" name="radioButtons" finished-at="2025-03-30T19:54:28 IST" duration-ms="1001" status="PASS">
          <reporter-output>
          </reporter-output>
        </test-method> <!-- radioButtons -->
        <test-method is-config="true" signature="tearDown()[pri:0, instance:webDriverUniversity.HandlingRadioButtons@3754a4bf]" started-at="2025-03-30T19:54:28 IST" name="tearDown" finished-at="2025-03-30T19:54:28 IST" duration-ms="383" status="PASS">
          <reporter-output>
          </reporter-output>
        </test-method> <!-- tearDown -->
      </class> <!-- webDriverUniversity.HandlingRadioButtons -->
    </test> <!-- Default test -->
  </suite> <!-- Default suite -->
</testng-results>
