<?xml version="1.0" encoding="UTF-8"?>
<testng-results ignored="0" total="3" passed="3" failed="0" skipped="0">
  <reporter-output>
  </reporter-output>
  <suite started-at="2025-07-04T11:03:24 IST" name="Default suite" finished-at="2025-07-04T11:03:29 IST" duration-ms="4356">
    <groups>
    </groups>
    <test started-at="2025-07-04T11:03:24 IST" name="Default test" finished-at="2025-07-04T11:03:29 IST" duration-ms="4356">
      <class name="tutorialsPoint.Handling_CheckBoxes">
        <test-method is-config="true" signature="setUp()[pri:0, instance:tutorialsPoint.Handling_CheckBoxes@4afcd809]" started-at="2025-07-04T11:03:24 IST" name="setUp" finished-at="2025-07-04T11:03:28 IST" duration-ms="3249" status="PASS">
          <reporter-output>
          </reporter-output>
        </test-method> <!-- setUp -->
        <test-method signature="radioButtonYes()[pri:1, instance:tutorialsPoint.Handling_CheckBoxes@4afcd809]" started-at="2025-07-04T11:03:28 IST" name="radioButtonYes" finished-at="2025-07-04T11:03:28 IST" duration-ms="290" status="PASS">
          <reporter-output>
          </reporter-output>
        </test-method> <!-- radioButtonYes -->
        <test-method signature="radioButtonNo()[pri:2, instance:tutorialsPoint.Handling_CheckBoxes@4afcd809]" started-at="2025-07-04T11:03:28 IST" name="radioButtonNo" finished-at="2025-07-04T11:03:28 IST" duration-ms="203" status="PASS">
          <reporter-output>
          </reporter-output>
        </test-method> <!-- radioButtonNo -->
        <test-method signature="radioButtonDisabled()[pri:3, instance:tutorialsPoint.Handling_CheckBoxes@4afcd809]" started-at="2025-07-04T11:03:28 IST" name="radioButtonDisabled" finished-at="2025-07-04T11:03:28 IST" duration-ms="151" status="PASS">
          <reporter-output>
          </reporter-output>
        </test-method> <!-- radioButtonDisabled -->
        <test-method is-config="true" signature="tearDown()[pri:0, instance:tutorialsPoint.Handling_CheckBoxes@4afcd809]" started-at="2025-07-04T11:03:28 IST" name="tearDown" finished-at="2025-07-04T11:03:29 IST" duration-ms="398" status="PASS">
          <reporter-output>
          </reporter-output>
        </test-method> <!-- tearDown -->
      </class> <!-- tutorialsPoint.Handling_CheckBoxes -->
    </test> <!-- Default test -->
  </suite> <!-- Default suite -->
</testng-results>
